<?xml version="1.0" encoding="UTF-8"?>
<testsuite xmlns:xsi="http://www.w3.org/2001/XMLSchema-instance" xsi:noNamespaceSchemaLocation="https://maven.apache.org/surefire/maven-surefire-plugin/xsd/surefire-test-report.xsd" name="com.swiggy.runnerfiles.TestRunner" time="45.733" tests="6" errors="0" skipped="0" failures="0">
  <properties>
[...]
</properties>
  <testcase name="runScenario" classname="com.swiggy.runnerfiles.TestRunner" time="3.679"/>
  <testcase name="runScenario" classname="com.swiggy.runnerfiles.TestRunner" time="3.418"/>
  <testcase name="runScenario" classname="com.swiggy.runnerfiles.TestRunner" time="3.176"/>
  <testcase name="runScenario" classname="com.swiggy.runnerfiles.TestRunner" time="8.388"/>
  <testcase name="runScenario" classname="com.swiggy.runnerfiles.TestRunner" time="11.299"/>
  <testcase name="runScenario" classname="com.swiggy.runnerfiles.TestRunner" time="14.357"/>
</testsuite>